# JRE version: Java(TM) SE Runtime Environment (8.0-b132) (build 1.8.0-b132)
# Java VM: Java HotSpot(TM) 64-Bit Server VM (25.0-b70 mixed mode bsd-amd64 compressed oops)
Heap:
 PSYoungGen      total 57856K, used 21456K [0x0000000795580000, 0x000000079a180000, 0x00000007c0000000)
  eden space 55296K, 34% used [0x0000000795580000,0x0000000796817388,0x0000000798b80000)
  from space 2560K, 94% used [0x0000000798d80000,0x0000000798fdcfe0,0x0000000799000000)
  to   space 11264K, 0% used [0x0000000799680000,0x0000000799680000,0x000000079a180000)
 ParOldGen       total 41472K, used 34225K [0x0000000740000000, 0x0000000742880000, 0x0000000795580000)
  object space 41472K, 82% used [0x0000000740000000,0x000000074216c408,0x0000000742880000)
 Metaspace       used 46429K, capacity 49066K, committed 49280K, reserved 1091584K
  class space    used 6285K, capacity 6772K, committed 6784K, reserved 1048576K
GC Heap History (10 events):
Event: 1846.158 GC heap before
{Heap before GC invocations=36 (full 5):
 PSYoungGen      total 78336K, used 69681K [0x0000000795580000, 0x000000079b380000, 0x00000007c0000000)
  eden space 67584K, 100% used [0x0000000795580000,0x0000000799780000,0x0000000799780000)
  from space 10752K, 19% used [0x000000079a900000,0x000000079ab0c6d8,0x000000079b380000)
  to   space 14336K, 0% used [0x0000000799780000,0x0000000799780000,0x000000079a580000)
 ParOldGen       total 41472K, used 34193K [0x0000000740000000, 0x0000000742880000, 0x0000000795580000)
  object space 41472K, 82% used [0x0000000740000000,0x0000000742164408,0x0000000742880000)
 Metaspace       used 46413K, capacity 49060K, committed 49280K, reserved 1091584K
  class space    used 6283K, capacity 6771K, committed 6784K, reserved 1048576K
Event: 1846.164 GC heap after
Heap after GC invocations=36 (full 5):
 PSYoungGen      total 67584K, used 2306K [0x0000000795580000, 0x000000079b000000, 0x00000007c0000000)
  eden space 65024K, 0% used [0x0000000795580000,0x0000000795580000,0x0000000799500000)
  from space 2560K, 90% used [0x0000000799780000,0x00000007999c0b48,0x0000000799a00000)
  to   space 13824K, 0% used [0x000000079a280000,0x000000079a280000,0x000000079b000000)
 ParOldGen       total 41472K, used 34201K [0x0000000740000000, 0x0000000742880000, 0x0000000795580000)
  object space 41472K, 82% used [0x0000000740000000,0x0000000742166408,0x0000000742880000)
 Metaspace       used 46413K, capacity 49060K, committed 49280K, reserved 1091584K
  class space    used 6283K, capacity 6771K, committed 6784K, reserved 1048576K
}
Event: 2144.867 GC heap before
{Heap before GC invocations=37 (full 5):
 PSYoungGen      total 67584K, used 67330K [0x0000000795580000, 0x000000079b000000, 0x00000007c0000000)
  eden space 65024K, 100% used [0x0000000795580000,0x0000000799500000,0x0000000799500000)
  from space 2560K, 90% used [0x0000000799780000,0x00000007999c0b48,0x0000000799a00000)
  to   space 13824K, 0% used [0x000000079a280000,0x000000079a280000,0x000000079b000000)
 ParOldGen       total 41472K, used 34201K [0x0000000740000000, 0x0000000742880000, 0x0000000795580000)
  object space 41472K, 82% used [0x0000000740000000,0x0000000742166408,0x0000000742880000)
 Metaspace       used 46413K, capacity 49060K, committed 49280K, reserved 1091584K
  class space    used 6283K, capacity 6771K, committed 6784K, reserved 1048576K
Event: 2144.872 GC heap after
Heap after GC invocations=37 (full 5):
 PSYoungGen      total 72704K, used 2211K [0x0000000795580000, 0x000000079ac80000, 0x00000007c0000000)
  eden space 62464K, 0% used [0x0000000795580000,0x0000000795580000,0x0000000799280000)
  from space 10240K, 21% used [0x000000079a280000,0x000000079a4a8db0,0x000000079ac80000)
  to   space 13312K, 0% used [0x0000000799280000,0x0000000799280000,0x0000000799f80000)
 ParOldGen       total 41472K, used 34209K [0x0000000740000000, 0x0000000742880000, 0x0000000795580000)
  object space 41472K, 82% used [0x0000000740000000,0x0000000742168408,0x0000000742880000)
 Metaspace       used 46413K, capacity 49060K, committed 49280K, reserved 1091584K
  class space    used 6283K, capacity 6771K, committed 6784K, reserved 1048576K
}
Event: 2431.392 GC heap before
{Heap before GC invocations=38 (full 5):
 PSYoungGen      total 72704K, used 64675K [0x0000000795580000, 0x000000079ac80000, 0x00000007c0000000)
  eden space 62464K, 100% used [0x0000000795580000,0x0000000799280000,0x0000000799280000)
  from space 10240K, 21% used [0x000000079a280000,0x000000079a4a8db0,0x000000079ac80000)
  to   space 13312K, 0% used [0x0000000799280000,0x0000000799280000,0x0000000799f80000)
 ParOldGen       total 41472K, used 34209K [0x0000000740000000, 0x0000000742880000, 0x0000000795580000)
  object space 41472K, 82% used [0x0000000740000000,0x0000000742168408,0x0000000742880000)
 Metaspace       used 46413K, capacity 49060K, committed 49280K, reserved 1091584K
  class space    used 6283K, capacity 6771K, committed 6784K, reserved 1048576K
Event: 2431.396 GC heap after
Heap after GC invocations=38 (full 5):
 PSYoungGen      total 62464K, used 2097K [0x0000000795580000, 0x000000079a900000, 0x00000007c0000000)
  eden space 59904K, 0% used [0x0000000795580000,0x0000000795580000,0x0000000799000000)
  from space 2560K, 81% used [0x0000000799280000,0x000000079948c6d8,0x0000000799500000)
  to   space 12800K, 0% used [0x0000000799c80000,0x0000000799c80000,0x000000079a900000)
 ParOldGen       total 41472K, used 34209K [0x0000000740000000, 0x0000000742880000, 0x0000000795580000)
  object space 41472K, 82% used [0x0000000740000000,0x0000000742168408,0x0000000742880000)
 Metaspace       used 46413K, capacity 49060K, committed 49280K, reserved 1091584K
  class space    used 6283K, capacity 6771K, committed 6784K, reserved 1048576K
}
Event: 2706.918 GC heap before
{Heap before GC invocations=39 (full 5):
 PSYoungGen      total 62464K, used 62001K [0x0000000795580000, 0x000000079a900000, 0x00000007c0000000)
  eden space 59904K, 100% used [0x0000000795580000,0x0000000799000000,0x0000000799000000)
  from space 2560K, 81% used [0x0000000799280000,0x000000079948c6d8,0x0000000799500000)
  to   space 12800K, 0% used [0x0000000799c80000,0x0000000799c80000,0x000000079a900000)
 ParOldGen       total 41472K, used 34209K [0x0000000740000000, 0x0000000742880000, 0x0000000795580000)
  object space 41472K, 82% used [0x0000000740000000,0x0000000742168408,0x0000000742880000)
 Metaspace       used 46417K, capacity 49060K, committed 49280K, reserved 1091584K
  class space    used 6284K, capacity 6771K, committed 6784K, reserved 1048576K
Event: 2706.949 GC heap after
Heap after GC invocations=39 (full 5):
 PSYoungGen      total 66560K, used 2211K [0x0000000795580000, 0x000000079a580000, 0x00000007c0000000)
  eden space 57344K, 0% used [0x0000000795580000,0x0000000795580000,0x0000000798d80000)
  from space 9216K, 23% used [0x0000000799c80000,0x0000000799ea8db0,0x000000079a580000)
  to   space 12288K, 0% used [0x0000000798d80000,0x0000000798d80000,0x0000000799980000)
 ParOldGen       total 41472K, used 34217K [0x0000000740000000, 0x0000000742880000, 0x0000000795580000)
  object space 41472K, 82% used [0x0000000740000000,0x000000074216a408,0x0000000742880000)
 Metaspace       used 46417K, capacity 49060K, committed 49280K, reserved 1091584K
  class space    used 6284K, capacity 6771K, committed 6784K, reserved 1048576K
}
Event: 2958.836 GC heap before
{Heap before GC invocations=40 (full 5):
 PSYoungGen      total 66560K, used 59555K [0x0000000795580000, 0x000000079a580000, 0x00000007c0000000)
  eden space 57344K, 100% used [0x0000000795580000,0x0000000798d80000,0x0000000798d80000)
  from space 9216K, 23% used [0x0000000799c80000,0x0000000799ea8db0,0x000000079a580000)
  to   space 12288K, 0% used [0x0000000798d80000,0x0000000798d80000,0x0000000799980000)
 ParOldGen       total 41472K, used 34217K [0x0000000740000000, 0x0000000742880000, 0x0000000795580000)
  object space 41472K, 82% used [0x0000000740000000,0x000000074216a408,0x0000000742880000)
 Metaspace       used 46417K, capacity 49060K, committed 49280K, reserved 1091584K
  class space    used 6284K, capacity 6771K, committed 6784K, reserved 1048576K
Event: 2958.844 GC heap after
Heap after GC invocations=40 (full 5):
 PSYoungGen      total 57856K, used 2419K [0x0000000795580000, 0x000000079a180000, 0x00000007c0000000)
  eden space 55296K, 0% used [0x0000000795580000,0x0000000795580000,0x0000000798b80000)
  from space 2560K, 94% used [0x0000000798d80000,0x0000000798fdcfe0,0x0000000799000000)
  to   space 11264K, 0% used [0x0000000799680000,0x0000000799680000,0x000000079a180000)
 ParOldGen       total 41472K, used 34225K [0x0000000740000000, 0x0000000742880000, 0x0000000795580000)
  object space 41472K, 82% used [0x0000000740000000,0x000000074216c408,0x0000000742880000)
 Metaspace       used 46417K, capacity 49060K, committed 49280K, reserved 1091584K
  class space    used 6284K, capacity 6771K, committed 6784K, reserved 1048576K
}

